# JRE version: Java(TM) SE Runtime Environment (8.0_202-b08) (build 1.8.0_202-b08)
# Java VM: Java HotSpot(TM) 64-Bit Server VM (25.202-b08 mixed mode windows-amd64 compressed oops)
Heap:
 PSYoungGen      total 6656K, used 3381K [0x00000000d5f80000, 0x00000000d6680000, 0x0000000100000000)
  eden space 6144K, 55% used [0x00000000d5f80000,0x00000000d62cd568,0x00000000d6580000)
  from space 512K, 0% used [0x00000000d6580000,0x00000000d6580000,0x00000000d6600000)
  to   space 512K, 0% used [0x00000000d6600000,0x00000000d6600000,0x00000000d6680000)
 ParOldGen       total 5632K, used 5422K [0x0000000081e00000, 0x0000000082380000, 0x00000000d5f80000)
  object space 5632K, 96% used [0x0000000081e00000,0x000000008234bb78,0x0000000082380000)
 Metaspace       used 7430K, capacity 8308K, committed 8448K, reserved 1056768K
  class space    used 901K, capacity 944K, committed 1024K, reserved 1048576K
GC Heap History (10 events):
Event: 0.157 GC heap before
{Heap before GC invocations=3 (full 0):
 PSYoungGen      total 3584K, used 3522K [0x00000000d5f80000, 0x00000000d6380000, 0x0000000100000000)
  eden space 3072K, 97% used [0x00000000d5f80000,0x00000000d6270918,0x00000000d6280000)
  from space 512K, 100% used [0x00000000d6300000,0x00000000d6380000,0x00000000d6380000)
  to   space 512K, 0% used [0x00000000d6280000,0x00000000d6280000,0x00000000d6300000)
 ParOldGen       total 5632K, used 96K [0x0000000081e00000, 0x0000000082380000, 0x00000000d5f80000)
  object space 5632K, 1% used [0x0000000081e00000,0x0000000081e18020,0x0000000082380000)
 Metaspace       used 4928K, capacity 6284K, committed 6656K, reserved 1056768K
  class space    used 607K, capacity 648K, committed 768K, reserved 1048576K
Event: 0.158 GC heap after
Heap after GC invocations=3 (full 0):
 PSYoungGen      total 3584K, used 495K [0x00000000d5f80000, 0x00000000d6680000, 0x0000000100000000)
  eden space 3072K, 0% used [0x00000000d5f80000,0x00000000d5f80000,0x00000000d6280000)
  from space 512K, 96% used [0x00000000d6280000,0x00000000d62fbc20,0x00000000d6300000)
  to   space 512K, 0% used [0x00000000d6600000,0x00000000d6600000,0x00000000d6680000)
 ParOldGen       total 5632K, used 628K [0x0000000081e00000, 0x0000000082380000, 0x00000000d5f80000)
  object space 5632K, 11% used [0x0000000081e00000,0x0000000081e9d050,0x0000000082380000)
 Metaspace       used 4928K, capacity 6284K, committed 6656K, reserved 1056768K
  class space    used 607K, capacity 648K, committed 768K, reserved 1048576K
}
Event: 0.207 GC heap before
{Heap before GC invocations=4 (full 0):
 PSYoungGen      total 3584K, used 3567K [0x00000000d5f80000, 0x00000000d6680000, 0x0000000100000000)
  eden space 3072K, 100% used [0x00000000d5f80000,0x00000000d6280000,0x00000000d6280000)
  from space 512K, 96% used [0x00000000d6280000,0x00000000d62fbc20,0x00000000d6300000)
  to   space 512K, 0% used [0x00000000d6600000,0x00000000d6600000,0x00000000d6680000)
 ParOldGen       total 5632K, used 628K [0x0000000081e00000, 0x0000000082380000, 0x00000000d5f80000)
  object space 5632K, 11% used [0x0000000081e00000,0x0000000081e9d050,0x0000000082380000)
 Metaspace       used 6028K, capacity 7276K, committed 7552K, reserved 1056768K
  class space    used 759K, capacity 808K, committed 896K, reserved 1048576K
Event: 0.208 GC heap after
Heap after GC invocations=4 (full 0):
 PSYoungGen      total 6656K, used 496K [0x00000000d5f80000, 0x00000000d6680000, 0x0000000100000000)
  eden space 6144K, 0% used [0x00000000d5f80000,0x00000000d5f80000,0x00000000d6580000)
  from space 512K, 96% used [0x00000000d6600000,0x00000000d667c010,0x00000000d6680000)
  to   space 512K, 0% used [0x00000000d6580000,0x00000000d6580000,0x00000000d6600000)
 ParOldGen       total 5632K, used 945K [0x0000000081e00000, 0x0000000082380000, 0x00000000d5f80000)
  object space 5632K, 16% used [0x0000000081e00000,0x0000000081eec550,0x0000000082380000)
 Metaspace       used 6028K, capacity 7276K, committed 7552K, reserved 1056768K
  class space    used 759K, capacity 808K, committed 896K, reserved 1048576K
}
Event: 0.281 GC heap before
{Heap before GC invocations=5 (full 0):
 PSYoungGen      total 6656K, used 6640K [0x00000000d5f80000, 0x00000000d6680000, 0x0000000100000000)
  eden space 6144K, 100% used [0x00000000d5f80000,0x00000000d6580000,0x00000000d6580000)
  from space 512K, 96% used [0x00000000d6600000,0x00000000d667c010,0x00000000d6680000)
  to   space 512K, 0% used [0x00000000d6580000,0x00000000d6580000,0x00000000d6600000)
 ParOldGen       total 5632K, used 945K [0x0000000081e00000, 0x0000000082380000, 0x00000000d5f80000)
  object space 5632K, 16% used [0x0000000081e00000,0x0000000081eec550,0x0000000082380000)
 Metaspace       used 7259K, capacity 8212K, committed 8448K, reserved 1056768K
  class space    used 888K, capacity 912K, committed 1024K, reserved 1048576K
Event: 0.284 GC heap after
Heap after GC invocations=5 (full 0):
 PSYoungGen      total 6656K, used 500K [0x00000000d5f80000, 0x00000000d6680000, 0x0000000100000000)
  eden space 6144K, 0% used [0x00000000d5f80000,0x00000000d5f80000,0x00000000d6580000)
  from space 512K, 97% used [0x00000000d6580000,0x00000000d65fd010,0x00000000d6600000)
  to   space 512K, 0% used [0x00000000d6600000,0x00000000d6600000,0x00000000d6680000)
 ParOldGen       total 5632K, used 4331K [0x0000000081e00000, 0x0000000082380000, 0x00000000d5f80000)
  object space 5632K, 76% used [0x0000000081e00000,0x000000008223ac38,0x0000000082380000)
 Metaspace       used 7259K, capacity 8212K, committed 8448K, reserved 1056768K
  class space    used 888K, capacity 912K, committed 1024K, reserved 1048576K
}
Event: 0.284 GC heap before
{Heap before GC invocations=6 (full 1):
 PSYoungGen      total 6656K, used 500K [0x00000000d5f80000, 0x00000000d6680000, 0x0000000100000000)
  eden space 6144K, 0% used [0x00000000d5f80000,0x00000000d5f80000,0x00000000d6580000)
  from space 512K, 97% used [0x00000000d6580000,0x00000000d65fd010,0x00000000d6600000)
  to   space 512K, 0% used [0x00000000d6600000,0x00000000d6600000,0x00000000d6680000)
 ParOldGen       total 5632K, used 4331K [0x0000000081e00000, 0x0000000082380000, 0x00000000d5f80000)
  object space 5632K, 76% used [0x0000000081e00000,0x000000008223ac38,0x0000000082380000)
 Metaspace       used 7259K, capacity 8212K, committed 8448K, reserved 1056768K
  class space    used 888K, capacity 912K, committed 1024K, reserved 1048576K
Event: 0.313 GC heap after
Heap after GC invocations=6 (full 1):
 PSYoungGen      total 6656K, used 0K [0x00000000d5f80000, 0x00000000d6680000, 0x0000000100000000)
  eden space 6144K, 0% used [0x00000000d5f80000,0x00000000d5f80000,0x00000000d6580000)
  from space 512K, 0% used [0x00000000d6580000,0x00000000d6580000,0x00000000d6600000)
  to   space 512K, 0% used [0x00000000d6600000,0x00000000d6600000,0x00000000d6680000)
 ParOldGen       total 5632K, used 4631K [0x0000000081e00000, 0x0000000082380000, 0x00000000d5f80000)
  object space 5632K, 82% used [0x0000000081e00000,0x0000000082285e08,0x0000000082380000)
 Metaspace       used 7259K, capacity 8212K, committed 8448K, reserved 1056768K
  class space    used 888K, capacity 912K, committed 1024K, reserved 1048576K
}
Event: 0.341 GC heap before
{Heap before GC invocations=7 (full 2):
 PSYoungGen      total 6656K, used 6144K [0x00000000d5f80000, 0x00000000d6680000, 0x0000000100000000)
  eden space 6144K, 100% used [0x00000000d5f80000,0x00000000d6580000,0x00000000d6580000)
  from space 512K, 0% used [0x00000000d6580000,0x00000000d6580000,0x00000000d6600000)
  to   space 512K, 0% used [0x00000000d6600000,0x00000000d6600000,0x00000000d6680000)
 ParOldGen       total 5632K, used 4631K [0x0000000081e00000, 0x0000000082380000, 0x00000000d5f80000)
  object space 5632K, 82% used [0x0000000081e00000,0x0000000082285e08,0x0000000082380000)
 Metaspace       used 7291K, capacity 8212K, committed 8448K, reserved 1056768K
  class space    used 889K, capacity 912K, committed 1024K, reserved 1048576K
Event: 0.373 GC heap after
Heap after GC invocations=7 (full 2):
 PSYoungGen      total 6656K, used 1056K [0x00000000d5f80000, 0x00000000d6680000, 0x0000000100000000)
  eden space 6144K, 17% used [0x00000000d5f80000,0x00000000d6088278,0x00000000d6580000)
  from space 512K, 0% used [0x00000000d6580000,0x00000000d6580000,0x00000000d6600000)
  to   space 512K, 0% used [0x00000000d6600000,0x00000000d6600000,0x00000000d6680000)
 ParOldGen       total 5632K, used 5422K [0x0000000081e00000, 0x0000000082380000, 0x00000000d5f80000)
  object space 5632K, 96% used [0x0000000081e00000,0x000000008234bb78,0x0000000082380000)
 Metaspace       used 7291K, capacity 8212K, committed 8448K, reserved 1056768K
  class space    used 889K, capacity 912K, committed 1024K, reserved 1048576K
}

