# JRE version: Java(TM) SE Runtime Environment (8.0_202-b08) (build 1.8.0_202-b08)
# Java VM: Java HotSpot(TM) 64-Bit Server VM (25.202-b08 mixed mode windows-amd64 compressed oops)
Heap:
 PSYoungGen      total 3584K, used 1494K [0x00000000d5f80000, 0x00000000d6380000, 0x0000000100000000)
  eden space 3072K, 32% used [0x00000000d5f80000,0x00000000d6075db0,0x00000000d6280000)
  from space 512K, 99% used [0x00000000d6280000,0x00000000d62ffc30,0x00000000d6300000)
  to   space 512K, 0% used [0x00000000d6300000,0x00000000d6300000,0x00000000d6380000)
 ParOldGen       total 5632K, used 636K [0x0000000081e00000, 0x0000000082380000, 0x00000000d5f80000)
  object space 5632K, 11% used [0x0000000081e00000,0x0000000081e9f050,0x0000000082380000)
 Metaspace       used 5259K, capacity 6540K, committed 6656K, reserved 1060864K
  class space    used 668K, capacity 712K, committed 768K, reserved 1048576K
GC Heap History (6 events):
Event: 0.091 GC heap before
{Heap before GC invocations=1 (full 0):
 PSYoungGen      total 2048K, used 1529K [0x00000000d5f80000, 0x00000000d6200000, 0x0000000100000000)
  eden space 1536K, 99% used [0x00000000d5f80000,0x00000000d60fe6c8,0x00000000d6100000)
  from space 512K, 0% used [0x00000000d6180000,0x00000000d6180000,0x00000000d6200000)
  to   space 512K, 0% used [0x00000000d6100000,0x00000000d6100000,0x00000000d6180000)
 ParOldGen       total 5632K, used 0K [0x0000000081e00000, 0x0000000082380000, 0x00000000d5f80000)
  object space 5632K, 0% used [0x0000000081e00000,0x0000000081e00000,0x0000000082380000)
 Metaspace       used 3232K, capacity 4812K, committed 5120K, reserved 1056768K
  class space    used 375K, capacity 456K, committed 512K, reserved 1048576K
Event: 0.093 GC heap after
Heap after GC invocations=1 (full 0):
 PSYoungGen      total 2048K, used 496K [0x00000000d5f80000, 0x00000000d6380000, 0x0000000100000000)
  eden space 1536K, 0% used [0x00000000d5f80000,0x00000000d5f80000,0x00000000d6100000)
  from space 512K, 96% used [0x00000000d6100000,0x00000000d617c010,0x00000000d6180000)
  to   space 512K, 0% used [0x00000000d6300000,0x00000000d6300000,0x00000000d6380000)
 ParOldGen       total 5632K, used 48K [0x0000000081e00000, 0x0000000082380000, 0x00000000d5f80000)
  object space 5632K, 0% used [0x0000000081e00000,0x0000000081e0c010,0x0000000082380000)
 Metaspace       used 3232K, capacity 4812K, committed 5120K, reserved 1056768K
  class space    used 375K, capacity 456K, committed 512K, reserved 1048576K
}
Event: 0.122 GC heap before
{Heap before GC invocations=2 (full 0):
 PSYoungGen      total 2048K, used 1993K [0x00000000d5f80000, 0x00000000d6380000, 0x0000000100000000)
  eden space 1536K, 97% used [0x00000000d5f80000,0x00000000d60f6668,0x00000000d6100000)
  from space 512K, 96% used [0x00000000d6100000,0x00000000d617c010,0x00000000d6180000)
  to   space 512K, 0% used [0x00000000d6300000,0x00000000d6300000,0x00000000d6380000)
 ParOldGen       total 5632K, used 48K [0x0000000081e00000, 0x0000000082380000, 0x00000000d5f80000)
  object space 5632K, 0% used [0x0000000081e00000,0x0000000081e0c010,0x0000000082380000)
 Metaspace       used 3994K, capacity 5388K, committed 5760K, reserved 1056768K
  class space    used 475K, capacity 520K, committed 640K, reserved 1048576K
Event: 0.124 GC heap after
Heap after GC invocations=2 (full 0):
 PSYoungGen      total 3584K, used 480K [0x00000000d5f80000, 0x00000000d6380000, 0x0000000100000000)
  eden space 3072K, 0% used [0x00000000d5f80000,0x00000000d5f80000,0x00000000d6280000)
  from space 512K, 93% used [0x00000000d6300000,0x00000000d6378020,0x00000000d6380000)
  to   space 512K, 0% used [0x00000000d6280000,0x00000000d6280000,0x00000000d6300000)
 ParOldGen       total 5632K, used 120K [0x0000000081e00000, 0x0000000082380000, 0x00000000d5f80000)
  object space 5632K, 2% used [0x0000000081e00000,0x0000000081e1e010,0x0000000082380000)
 Metaspace       used 3994K, capacity 5388K, committed 5760K, reserved 1056768K
  class space    used 475K, capacity 520K, committed 640K, reserved 1048576K
}
Event: 0.164 GC heap before
{Heap before GC invocations=3 (full 0):
 PSYoungGen      total 3584K, used 3497K [0x00000000d5f80000, 0x00000000d6380000, 0x0000000100000000)
  eden space 3072K, 98% used [0x00000000d5f80000,0x00000000d6272578,0x00000000d6280000)
  from space 512K, 93% used [0x00000000d6300000,0x00000000d6378020,0x00000000d6380000)
  to   space 512K, 0% used [0x00000000d6280000,0x00000000d6280000,0x00000000d6300000)
 ParOldGen       total 5632K, used 120K [0x0000000081e00000, 0x0000000082380000, 0x00000000d5f80000)
  object space 5632K, 2% used [0x0000000081e00000,0x0000000081e1e010,0x0000000082380000)
 Metaspace       used 4912K, capacity 6220K, committed 6400K, reserved 1058816K
  class space    used 607K, capacity 648K, committed 768K, reserved 1048576K
Event: 0.165 GC heap after
Heap after GC invocations=3 (full 0):
 PSYoungGen      total 3584K, used 511K [0x00000000d5f80000, 0x00000000d6380000, 0x0000000100000000)
  eden space 3072K, 0% used [0x00000000d5f80000,0x00000000d5f80000,0x00000000d6280000)
  from space 512K, 99% used [0x00000000d6280000,0x00000000d62ffc30,0x00000000d6300000)
  to   space 512K, 0% used [0x00000000d6300000,0x00000000d6300000,0x00000000d6380000)
 ParOldGen       total 5632K, used 636K [0x0000000081e00000, 0x0000000082380000, 0x00000000d5f80000)
  object space 5632K, 11% used [0x0000000081e00000,0x0000000081e9f050,0x0000000082380000)
 Metaspace       used 4912K, capacity 6220K, committed 6400K, reserved 1058816K
  class space    used 607K, capacity 648K, committed 768K, reserved 1048576K
}

