# JRE version: Java(TM) SE Runtime Environment (8.0_202-b08) (build 1.8.0_202-b08)
# Java VM: Java HotSpot(TM) 64-Bit Server VM (25.202-b08 mixed mode windows-amd64 compressed oops)
Heap:
 PSYoungGen      total 6656K, used 6144K [0x00000000d5f80000, 0x00000000d6680000, 0x0000000100000000)
  eden space 6144K, 100% used [0x00000000d5f80000,0x00000000d6580000,0x00000000d6580000)
  from space 512K, 0% used [0x00000000d6600000,0x00000000d6600000,0x00000000d6680000)
  to   space 512K, 98% used [0x00000000d6580000,0x00000000d65fe210,0x00000000d6600000)
 ParOldGen       total 10752K, used 6961K [0x0000000081e00000, 0x0000000082880000, 0x00000000d5f80000)
  object space 10752K, 64% used [0x0000000081e00000,0x00000000824cc678,0x0000000082880000)
 Metaspace       used 7521K, capacity 8436K, committed 8704K, reserved 1056768K
  class space    used 904K, capacity 944K, committed 1024K, reserved 1048576K
GC Heap History (10 events):
Event: 0.209 GC heap before
{Heap before GC invocations=4 (full 0):
 PSYoungGen      total 3584K, used 3567K [0x00000000d5f80000, 0x00000000d6680000, 0x0000000100000000)
  eden space 3072K, 100% used [0x00000000d5f80000,0x00000000d6280000,0x00000000d6280000)
  from space 512K, 96% used [0x00000000d6280000,0x00000000d62fbc20,0x00000000d6300000)
  to   space 512K, 0% used [0x00000000d6600000,0x00000000d6600000,0x00000000d6680000)
 ParOldGen       total 5632K, used 616K [0x0000000081e00000, 0x0000000082380000, 0x00000000d5f80000)
  object space 5632K, 10% used [0x0000000081e00000,0x0000000081e9a030,0x0000000082380000)
 Metaspace       used 6026K, capacity 7276K, committed 7552K, reserved 1056768K
  class space    used 759K, capacity 808K, committed 896K, reserved 1048576K
Event: 0.209 GC heap after
Heap after GC invocations=4 (full 0):
 PSYoungGen      total 6656K, used 480K [0x00000000d5f80000, 0x00000000d6680000, 0x0000000100000000)
  eden space 6144K, 0% used [0x00000000d5f80000,0x00000000d5f80000,0x00000000d6580000)
  from space 512K, 93% used [0x00000000d6600000,0x00000000d6678020,0x00000000d6680000)
  to   space 512K, 0% used [0x00000000d6580000,0x00000000d6580000,0x00000000d6600000)
 ParOldGen       total 5632K, used 932K [0x0000000081e00000, 0x0000000082380000, 0x00000000d5f80000)
  object space 5632K, 16% used [0x0000000081e00000,0x0000000081ee9040,0x0000000082380000)
 Metaspace       used 6026K, capacity 7276K, committed 7552K, reserved 1056768K
  class space    used 759K, capacity 808K, committed 896K, reserved 1048576K
}
Event: 0.282 GC heap before
{Heap before GC invocations=5 (full 0):
 PSYoungGen      total 6656K, used 6624K [0x00000000d5f80000, 0x00000000d6680000, 0x0000000100000000)
  eden space 6144K, 100% used [0x00000000d5f80000,0x00000000d6580000,0x00000000d6580000)
  from space 512K, 93% used [0x00000000d6600000,0x00000000d6678020,0x00000000d6680000)
  to   space 512K, 0% used [0x00000000d6580000,0x00000000d6580000,0x00000000d6600000)
 ParOldGen       total 5632K, used 932K [0x0000000081e00000, 0x0000000082380000, 0x00000000d5f80000)
  object space 5632K, 16% used [0x0000000081e00000,0x0000000081ee9040,0x0000000082380000)
 Metaspace       used 7259K, capacity 8212K, committed 8448K, reserved 1056768K
  class space    used 887K, capacity 912K, committed 1024K, reserved 1048576K
Event: 0.285 GC heap after
Heap after GC invocations=5 (full 0):
 PSYoungGen      total 6656K, used 480K [0x00000000d5f80000, 0x00000000d6680000, 0x0000000100000000)
  eden space 6144K, 0% used [0x00000000d5f80000,0x00000000d5f80000,0x00000000d6580000)
  from space 512K, 93% used [0x00000000d6580000,0x00000000d65f8020,0x00000000d6600000)
  to   space 512K, 0% used [0x00000000d6600000,0x00000000d6600000,0x00000000d6680000)
 ParOldGen       total 5632K, used 4361K [0x0000000081e00000, 0x0000000082380000, 0x00000000d5f80000)
  object space 5632K, 77% used [0x0000000081e00000,0x0000000082242440,0x0000000082380000)
 Metaspace       used 7259K, capacity 8212K, committed 8448K, reserved 1056768K
  class space    used 887K, capacity 912K, committed 1024K, reserved 1048576K
}
Event: 0.285 GC heap before
{Heap before GC invocations=6 (full 1):
 PSYoungGen      total 6656K, used 480K [0x00000000d5f80000, 0x00000000d6680000, 0x0000000100000000)
  eden space 6144K, 0% used [0x00000000d5f80000,0x00000000d5f80000,0x00000000d6580000)
  from space 512K, 93% used [0x00000000d6580000,0x00000000d65f8020,0x00000000d6600000)
  to   space 512K, 0% used [0x00000000d6600000,0x00000000d6600000,0x00000000d6680000)
 ParOldGen       total 5632K, used 4361K [0x0000000081e00000, 0x0000000082380000, 0x00000000d5f80000)
  object space 5632K, 77% used [0x0000000081e00000,0x0000000082242440,0x0000000082380000)
 Metaspace       used 7259K, capacity 8212K, committed 8448K, reserved 1056768K
  class space    used 887K, capacity 912K, committed 1024K, reserved 1048576K
Event: 0.308 GC heap after
Heap after GC invocations=6 (full 1):
 PSYoungGen      total 6656K, used 0K [0x00000000d5f80000, 0x00000000d6680000, 0x0000000100000000)
  eden space 6144K, 0% used [0x00000000d5f80000,0x00000000d5f80000,0x00000000d6580000)
  from space 512K, 0% used [0x00000000d6580000,0x00000000d6580000,0x00000000d6600000)
  to   space 512K, 0% used [0x00000000d6600000,0x00000000d6600000,0x00000000d6680000)
 ParOldGen       total 10752K, used 4629K [0x0000000081e00000, 0x0000000082880000, 0x00000000d5f80000)
  object space 10752K, 43% used [0x0000000081e00000,0x0000000082285788,0x0000000082880000)
 Metaspace       used 7259K, capacity 8212K, committed 8448K, reserved 1056768K
  class space    used 887K, capacity 912K, committed 1024K, reserved 1048576K
}
Event: 0.345 GC heap before
{Heap before GC invocations=7 (full 1):
 PSYoungGen      total 6656K, used 6144K [0x00000000d5f80000, 0x00000000d6680000, 0x0000000100000000)
  eden space 6144K, 100% used [0x00000000d5f80000,0x00000000d6580000,0x00000000d6580000)
  from space 512K, 0% used [0x00000000d6580000,0x00000000d6580000,0x00000000d6600000)
  to   space 512K, 0% used [0x00000000d6600000,0x00000000d6600000,0x00000000d6680000)
 ParOldGen       total 10752K, used 4629K [0x0000000081e00000, 0x0000000082880000, 0x00000000d5f80000)
  object space 10752K, 43% used [0x0000000081e00000,0x0000000082285788,0x0000000082880000)
 Metaspace       used 7291K, capacity 8212K, committed 8448K, reserved 1056768K
  class space    used 888K, capacity 912K, committed 1024K, reserved 1048576K
Event: 0.348 GC heap after
Heap after GC invocations=7 (full 1):
 PSYoungGen      total 6656K, used 498K [0x00000000d5f80000, 0x00000000d6680000, 0x0000000100000000)
  eden space 6144K, 0% used [0x00000000d5f80000,0x00000000d5f80000,0x00000000d6580000)
  from space 512K, 97% used [0x00000000d6600000,0x00000000d667c970,0x00000000d6680000)
  to   space 512K, 0% used [0x00000000d6580000,0x00000000d6580000,0x00000000d6600000)
 ParOldGen       total 10752K, used 7964K [0x0000000081e00000, 0x0000000082880000, 0x00000000d5f80000)
  object space 10752K, 74% used [0x0000000081e00000,0x00000000825c7240,0x0000000082880000)
 Metaspace       used 7291K, capacity 8212K, committed 8448K, reserved 1056768K
  class space    used 888K, capacity 912K, committed 1024K, reserved 1048576K
}
Event: 0.348 GC heap before
{Heap before GC invocations=8 (full 2):
 PSYoungGen      total 6656K, used 498K [0x00000000d5f80000, 0x00000000d6680000, 0x0000000100000000)
  eden space 6144K, 0% used [0x00000000d5f80000,0x00000000d5f80000,0x00000000d6580000)
  from space 512K, 97% used [0x00000000d6600000,0x00000000d667c970,0x00000000d6680000)
  to   space 512K, 0% used [0x00000000d6580000,0x00000000d6580000,0x00000000d6600000)
 ParOldGen       total 10752K, used 7964K [0x0000000081e00000, 0x0000000082880000, 0x00000000d5f80000)
  object space 10752K, 74% used [0x0000000081e00000,0x00000000825c7240,0x0000000082880000)
 Metaspace       used 7291K, capacity 8212K, committed 8448K, reserved 1056768K
  class space    used 888K, capacity 912K, committed 1024K, reserved 1048576K
Event: 0.377 GC heap after
Heap after GC invocations=8 (full 2):
 PSYoungGen      total 6656K, used 0K [0x00000000d5f80000, 0x00000000d6680000, 0x0000000100000000)
  eden space 6144K, 0% used [0x00000000d5f80000,0x00000000d5f80000,0x00000000d6580000)
  from space 512K, 0% used [0x00000000d6600000,0x00000000d6600000,0x00000000d6680000)
  to   space 512K, 0% used [0x00000000d6580000,0x00000000d6580000,0x00000000d6600000)
 ParOldGen       total 10752K, used 6493K [0x0000000081e00000, 0x0000000082880000, 0x00000000d5f80000)
  object space 10752K, 60% used [0x0000000081e00000,0x0000000082457650,0x0000000082880000)
 Metaspace       used 7291K, capacity 8212K, committed 8448K, reserved 1056768K
  class space    used 888K, capacity 912K, committed 1024K, reserved 1048576K
}

